<?xml version="1.0" encoding="UTF-8"?>
<!-- Generated by org.testng.reporters.JUnitReportReporter -->
<testsuite hostname="DESKTOP-1JNDGSA" failures="0" tests="1" name="practice1.Maven4.Hlo" time="0.047" errors="0" timestamp="2023-11-07T14:20:55 IST" skipped="0">
  <testcase classname="practice1.Maven4.Hlo" name="xyz" time="0.047"/>
  <system-out/>
</testsuite> <!-- practice1.Maven4.Hlo -->
