<?xml version="1.0" encoding="UTF-8"?>
<!-- Generated by org.testng.reporters.JUnitReportReporter -->
<testsuite hostname="DESKTOP-1JNDGSA" failures="0" tests="1" name="practice1.Maven4.Base" time="13.626" errors="0" timestamp="2024-02-14T19:12:40 IST" skipped="0">
  <testcase classname="practice1.Maven4.Base" name="setup" time="13.626"/>
  <system-out/>
</testsuite> <!-- practice1.Maven4.Base -->
