<?xml version="1.0" encoding="UTF-8"?>
<!-- Generated by org.testng.reporters.JUnitReportReporter -->
<testsuite hostname="DESKTOP-1JNDGSA" failures="0" tests="1" name="practice2.Base2" time="45.195" errors="0" timestamp="2023-12-07T14:27:32 IST" skipped="0">
  <testcase classname="practice2.Base2" name="setup" time="45.195"/>
  <system-out/>
</testsuite> <!-- practice2.Base2 -->
