<?xml version="1.0" encoding="UTF-8"?>
<!-- Generated by org.testng.reporters.JUnitReportReporter -->
<testsuite hostname="DESKTOP-1JNDGSA" failures="0" tests="1" name="practice3.Menutest" time="26.831" errors="0" timestamp="2024-02-15T15:05:39 IST" skipped="0">
  <testcase classname="practice3.Menutest" name="mytest" time="26.831"/>
  <system-out/>
</testsuite> <!-- practice3.Menutest -->
