<?xml version="1.0" encoding="UTF-8"?>
<!-- Generated by org.testng.reporters.JUnitReportReporter -->
<testsuite hostname="DESKTOP-1JNDGSA" failures="0" tests="1" name="practice2.Selectperform" time="29.033" errors="0" timestamp="2023-12-08T17:04:40 IST" skipped="0">
  <testcase classname="practice2.Selectperform" name="menuverify" time="29.033"/>
  <system-out/>
</testsuite> <!-- practice2.Selectperform -->
