<?xml version="1.0" encoding="UTF-8"?>
<!-- Generated by org.testng.reporters.JUnitReportReporter -->
<testsuite hostname="DESKTOP-1JNDGSA" failures="0" tests="1" name="practice3.Base3" time="35.569" errors="0" timestamp="2024-02-15T13:25:06 IST" skipped="0">
  <testcase classname="practice3.Base3" name="launch" time="35.569"/>
  <system-out/>
</testsuite> <!-- practice3.Base3 -->
