<?xml version="1.0" encoding="UTF-8"?>
<!-- Generated by org.testng.reporters.JUnitReportReporter -->
<testsuite hostname="DESKTOP-1JNDGSA" failures="0" tests="1" name="practice2.Hlo" time="13.495" errors="0" timestamp="2023-12-07T17:07:45 IST" skipped="0">
  <testcase classname="practice2.Hlo" name="search" time="13.495"/>
  <system-out/>
</testsuite> <!-- practice2.Hlo -->
