<?xml version="1.0" encoding="UTF-8"?>
<!-- Generated by org.testng.reporters.JUnitReportReporter -->
<testsuite hostname="DESKTOP-1JNDGSA" failures="0" tests="1" name="practice3.Menutest" time="92.212" errors="0" timestamp="2024-02-21T19:50:48 IST" skipped="0">
  <testcase classname="practice3.Menutest" name="droptest" time="92.212"/>
  <system-out/>
</testsuite> <!-- practice3.Menutest -->
